[debug] [2025-11-10T17:52:09.434Z] ----------------------------------------------------------------------
[debug] [2025-11-10T17:52:09.441Z] Command:       C:\Program Files\nodejs\node.exe C:\Users\User\AppData\Roaming\npm\node_modules\firebase-tools\lib\bin\firebase.js init
[debug] [2025-11-10T17:52:09.442Z] CLI Version:   14.24.1
[debug] [2025-11-10T17:52:09.443Z] Platform:      win32
[debug] [2025-11-10T17:52:09.443Z] Node Version:  v20.17.0
[debug] [2025-11-10T17:52:09.444Z] Time:          Mon Nov 10 2025 18:52:09 GMT+0100 (heure normale d’Europe centrale)
[debug] [2025-11-10T17:52:09.445Z] ----------------------------------------------------------------------
[debug] 
[info] 
     ######## #### ########  ######## ########     ###     ######  ########
     ##        ##  ##     ## ##       ##     ##  ##   ##  ##       ##
     ######    ##  ########  ######   ########  #########  ######  ######
     ##        ##  ##    ##  ##       ##     ## ##     ##       ## ##
     ##       #### ##     ## ######## ########  ##     ##  ######  ########

You're about to initialize a Firebase project in this directory:

  C:\Users\User\OneDrive - Ministere de l'Enseignement Superieur et de la Recherche Scientifique\Desktop\eduniv

[info] 
=== Project Setup
[info] 
[info] First, let's associate this project directory with a Firebase project.
[info] You can create multiple project aliases by running firebase use --add, 
[info] 
[debug] [2025-11-10T17:52:35.024Z] > command requires scopes: ["email","openid","https://www.googleapis.com/auth/cloudplatformprojects.readonly","https://www.googleapis.com/auth/firebase","https://www.googleapis.com/auth/cloud-platform"]
[debug] [2025-11-10T17:52:35.025Z] > authorizing via signed-in user (ghofranesebteoui16@gmail.com)
[debug] [2025-11-10T17:52:35.027Z] Checked if tokens are valid: true, expires at: 1762800679923
[debug] [2025-11-10T17:52:35.027Z] Checked if tokens are valid: true, expires at: 1762800679923
[debug] [2025-11-10T17:52:35.030Z] >>> [apiv2][query] GET https://firebase.googleapis.com/v1beta1/projects pageSize=100
[debug] [2025-11-10T17:52:35.737Z] <<< [apiv2][status] GET https://firebase.googleapis.com/v1beta1/projects 200
[debug] [2025-11-10T17:52:35.738Z] <<< [apiv2][body] GET https://firebase.googleapis.com/v1beta1/projects [omitted]
[info] 
=== Dataconnect Setup
[debug] [2025-11-10T17:52:37.722Z] Checked if tokens are valid: true, expires at: 1762800679923
[debug] [2025-11-10T17:52:37.722Z] Checked if tokens are valid: true, expires at: 1762800679923
[debug] [2025-11-10T17:52:37.723Z] >>> [apiv2][query] GET https://cloudbilling.googleapis.com/v1/projects/edunova-c7333/billingInfo [none]
[debug] [2025-11-10T17:52:38.604Z] <<< [apiv2][status] GET https://cloudbilling.googleapis.com/v1/projects/edunova-c7333/billingInfo 200
[debug] [2025-11-10T17:52:38.605Z] <<< [apiv2][body] GET https://cloudbilling.googleapis.com/v1/projects/edunova-c7333/billingInfo {"name":"projects/edunova-c7333/billingInfo","projectId":"edunova-c7333","billingAccountName":"","billingEnabled":false}
[info] i  dataconnect: ensuring required API firebasedataconnect.googleapis.com is enabled... 
[debug] [2025-11-10T17:52:38.607Z] Checked if tokens are valid: true, expires at: 1762800679923
[debug] [2025-11-10T17:52:38.608Z] Checked if tokens are valid: true, expires at: 1762800679923
[info] i  dataconnect: ensuring required API sqladmin.googleapis.com is enabled... 
[debug] [2025-11-10T17:52:38.609Z] Checked if tokens are valid: true, expires at: 1762800679923
[debug] [2025-11-10T17:52:38.609Z] Checked if tokens are valid: true, expires at: 1762800679923
[debug] [2025-11-10T17:52:38.609Z] >>> [apiv2][query] GET https://serviceusage.googleapis.com/v1/projects/edunova-c7333/services/firebasedataconnect.googleapis.com [none]
[debug] [2025-11-10T17:52:38.609Z] >>> [apiv2][(partial)header] GET https://serviceusage.googleapis.com/v1/projects/edunova-c7333/services/firebasedataconnect.googleapis.com x-goog-quota-user=projects/edunova-c7333
[debug] [2025-11-10T17:52:38.611Z] >>> [apiv2][query] GET https://serviceusage.googleapis.com/v1/projects/edunova-c7333/services/sqladmin.googleapis.com [none]
[debug] [2025-11-10T17:52:38.611Z] >>> [apiv2][(partial)header] GET https://serviceusage.googleapis.com/v1/projects/edunova-c7333/services/sqladmin.googleapis.com x-goog-quota-user=projects/edunova-c7333
[debug] [2025-11-10T17:52:39.578Z] <<< [apiv2][status] GET https://serviceusage.googleapis.com/v1/projects/edunova-c7333/services/sqladmin.googleapis.com 200
[debug] [2025-11-10T17:52:39.578Z] <<< [apiv2][body] GET https://serviceusage.googleapis.com/v1/projects/edunova-c7333/services/sqladmin.googleapis.com [omitted]
[warn] !  dataconnect: missing required API sqladmin.googleapis.com. Enabling now... 
[debug] [2025-11-10T17:52:39.579Z] Checked if tokens are valid: true, expires at: 1762800679923
[debug] [2025-11-10T17:52:39.580Z] Checked if tokens are valid: true, expires at: 1762800679923
[debug] [2025-11-10T17:52:39.580Z] >>> [apiv2][query] POST https://serviceusage.googleapis.com/v1/projects/edunova-c7333/services/sqladmin.googleapis.com:enable [none]
[debug] [2025-11-10T17:52:39.580Z] >>> [apiv2][(partial)header] POST https://serviceusage.googleapis.com/v1/projects/edunova-c7333/services/sqladmin.googleapis.com:enable x-goog-quota-user=projects/edunova-c7333
[debug] [2025-11-10T17:52:39.588Z] <<< [apiv2][status] GET https://serviceusage.googleapis.com/v1/projects/edunova-c7333/services/firebasedataconnect.googleapis.com 200
[debug] [2025-11-10T17:52:39.588Z] <<< [apiv2][body] GET https://serviceusage.googleapis.com/v1/projects/edunova-c7333/services/firebasedataconnect.googleapis.com [omitted]
[warn] !  dataconnect: missing required API firebasedataconnect.googleapis.com. Enabling now... 
[debug] [2025-11-10T17:52:39.590Z] Checked if tokens are valid: true, expires at: 1762800679923
[debug] [2025-11-10T17:52:39.590Z] Checked if tokens are valid: true, expires at: 1762800679923
[debug] [2025-11-10T17:52:39.590Z] >>> [apiv2][query] POST https://serviceusage.googleapis.com/v1/projects/edunova-c7333/services/firebasedataconnect.googleapis.com:enable [none]
[debug] [2025-11-10T17:52:39.590Z] >>> [apiv2][(partial)header] POST https://serviceusage.googleapis.com/v1/projects/edunova-c7333/services/firebasedataconnect.googleapis.com:enable x-goog-quota-user=projects/edunova-c7333
[debug] [2025-11-10T17:52:40.732Z] <<< [apiv2][status] POST https://serviceusage.googleapis.com/v1/projects/edunova-c7333/services/sqladmin.googleapis.com:enable 200
[debug] [2025-11-10T17:52:40.732Z] <<< [apiv2][body] POST https://serviceusage.googleapis.com/v1/projects/edunova-c7333/services/sqladmin.googleapis.com:enable [omitted]
[debug] [2025-11-10T17:52:40.751Z] <<< [apiv2][status] POST https://serviceusage.googleapis.com/v1/projects/edunova-c7333/services/firebasedataconnect.googleapis.com:enable 200
[debug] [2025-11-10T17:52:40.752Z] <<< [apiv2][body] POST https://serviceusage.googleapis.com/v1/projects/edunova-c7333/services/firebasedataconnect.googleapis.com:enable [omitted]
[debug] [2025-11-10T17:52:50.764Z] Checked if tokens are valid: true, expires at: 1762800679923
[debug] [2025-11-10T17:52:50.764Z] Checked if tokens are valid: true, expires at: 1762800679923
[debug] [2025-11-10T17:52:50.764Z] >>> [apiv2][query] GET https://firebasedataconnect.googleapis.com/v1/projects/edunova-c7333/locations/-/services [none]
[debug] [2025-11-10T17:52:51.984Z] <<< [apiv2][status] GET https://firebasedataconnect.googleapis.com/v1/projects/edunova-c7333/locations/-/services 200
[debug] [2025-11-10T17:52:51.984Z] <<< [apiv2][body] GET https://firebasedataconnect.googleapis.com/v1/projects/edunova-c7333/locations/-/services {}
[info] i  : ensuring required API cloudaicompanion.googleapis.com is enabled... 
[debug] [2025-11-10T17:52:58.247Z] Checked if tokens are valid: true, expires at: 1762800679923
[debug] [2025-11-10T17:52:58.247Z] Checked if tokens are valid: true, expires at: 1762800679923
[debug] [2025-11-10T17:52:58.247Z] >>> [apiv2][query] GET https://serviceusage.googleapis.com/v1/projects/edunova-c7333/services/cloudaicompanion.googleapis.com [none]
[debug] [2025-11-10T17:52:58.247Z] >>> [apiv2][(partial)header] GET https://serviceusage.googleapis.com/v1/projects/edunova-c7333/services/cloudaicompanion.googleapis.com x-goog-quota-user=projects/edunova-c7333
[debug] [2025-11-10T17:52:59.197Z] <<< [apiv2][status] GET https://serviceusage.googleapis.com/v1/projects/edunova-c7333/services/cloudaicompanion.googleapis.com 200
[debug] [2025-11-10T17:52:59.198Z] <<< [apiv2][body] GET https://serviceusage.googleapis.com/v1/projects/edunova-c7333/services/cloudaicompanion.googleapis.com [omitted]
[info] +  : required API cloudaicompanion.googleapis.com is enabled 
[debug] [2025-11-10T17:53:02.670Z] Checked if tokens are valid: true, expires at: 1762800679923
[debug] [2025-11-10T17:53:02.670Z] Checked if tokens are valid: true, expires at: 1762800679923
[debug] [2025-11-10T17:53:02.671Z] >>> [apiv2][query] GET https://firebasedataconnect.googleapis.com/v1/projects/edunova-c7333/locations [none]
[debug] [2025-11-10T17:53:03.589Z] <<< [apiv2][status] GET https://firebasedataconnect.googleapis.com/v1/projects/edunova-c7333/locations 200
[debug] [2025-11-10T17:53:03.589Z] <<< [apiv2][body] GET https://firebasedataconnect.googleapis.com/v1/projects/edunova-c7333/locations {"locations":[{"name":"projects/edunova-c7333/locations/asia-east1","locationId":"asia-east1","displayName":"Taiwan"},{"name":"projects/edunova-c7333/locations/asia-east2","locationId":"asia-east2","displayName":"Hong Kong"},{"name":"projects/edunova-c7333/locations/asia-northeast1","locationId":"asia-northeast1","displayName":"Tokyo"},{"name":"projects/edunova-c7333/locations/asia-northeast2","locationId":"asia-northeast2","displayName":"Osaka"},{"name":"projects/edunova-c7333/locations/asia-northeast3","locationId":"asia-northeast3","displayName":"Seoul"},{"name":"projects/edunova-c7333/locations/asia-south1","locationId":"asia-south1","displayName":"Mumbai"},{"name":"projects/edunova-c7333/locations/asia-southeast1","locationId":"asia-southeast1","displayName":"Singapore"},{"name":"projects/edunova-c7333/locations/asia-southeast2","locationId":"asia-southeast2","displayName":"Jakarta"},{"name":"projects/edunova-c7333/locations/australia-southeast1","locationId":"australia-southeast1","displayName":"Sydney"},{"name":"projects/edunova-c7333/locations/australia-southeast2","locationId":"australia-southeast2","displayName":"Melbourne"},{"name":"projects/edunova-c7333/locations/europe-central2","locationId":"europe-central2","displayName":"Warsaw"},{"name":"projects/edunova-c7333/locations/europe-north1","locationId":"europe-north1","displayName":"Finland"},{"name":"projects/edunova-c7333/locations/europe-southwest1","locationId":"europe-southwest1","displayName":"Madrid"},{"name":"projects/edunova-c7333/locations/europe-west1","locationId":"europe-west1","displayName":"Belgium"},{"name":"projects/edunova-c7333/locations/europe-west2","locationId":"europe-west2","displayName":"London"},{"name":"projects/edunova-c7333/locations/europe-west3","locationId":"europe-west3","displayName":"Frankfurt"},{"name":"projects/edunova-c7333/locations/europe-west4","locationId":"europe-west4","displayName":"Netherlands"},{"name":"projects/edunova-c7333/locations/europe-west6","locationId":"europe-west6","displayName":"Zurich"},{"name":"projects/edunova-c7333/locations/europe-west8","locationId":"europe-west8","displayName":"Milan"},{"name":"projects/edunova-c7333/locations/europe-west9","locationId":"europe-west9","displayName":"Paris"},{"name":"projects/edunova-c7333/locations/me-west1","locationId":"me-west1","displayName":"Tel Aviv"},{"name":"projects/edunova-c7333/locations/northamerica-northeast1","locationId":"northamerica-northeast1","displayName":"Montréal"},{"name":"projects/edunova-c7333/locations/northamerica-northeast2","locationId":"northamerica-northeast2","displayName":"Toronto"},{"name":"projects/edunova-c7333/locations/southamerica-east1","locationId":"southamerica-east1","displayName":"São Paulo"},{"name":"projects/edunova-c7333/locations/southamerica-west1","locationId":"southamerica-west1","displayName":"Santiago"},{"name":"projects/edunova-c7333/locations/us-central1","locationId":"us-central1","displayName":"Iowa"},{"name":"projects/edunova-c7333/locations/us-east1","locationId":"us-east1","displayName":"South Carolina"},{"name":"projects/edunova-c7333/locations/us-east4","locationId":"us-east4","displayName":"Northern Virginia"},{"name":"projects/edunova-c7333/locations/us-south1","locationId":"us-south1","displayName":"Dallas"},{"name":"projects/edunova-c7333/locations/us-west1","locationId":"us-west1","displayName":"Oregon"},{"name":"projects/edunova-c7333/locations/us-west2","locationId":"us-west2","displayName":"Los Angeles"},{"name":"projects/edunova-c7333/locations/us-west3","locationId":"us-west3","displayName":"Salt Lake City"},{"name":"projects/edunova-c7333/locations/us-west4","locationId":"us-west4","displayName":"Las Vegas"}]}
[info] +  dataconnect: Detected existing apps . (web), backend (web) 
[debug] [2025-11-10T17:53:20.693Z] Checked if tokens are valid: true, expires at: 1762800679923
[debug] [2025-11-10T17:53:20.693Z] Checked if tokens are valid: true, expires at: 1762800679923
[debug] [2025-11-10T17:53:20.694Z] >>> [apiv2][query] POST https://firebasedataconnect.googleapis.com/v1/projects/edunova-c7333/locations/europe-west1/services service_id=eduniv
[debug] [2025-11-10T17:53:20.694Z] >>> [apiv2][body] POST https://firebasedataconnect.googleapis.com/v1/projects/edunova-c7333/locations/europe-west1/services {"name":"projects/edunova-c7333/locations/europe-west1/services/eduniv"}
[debug] [2025-11-10T17:53:27.677Z] <<< [apiv2][status] POST https://firebasedataconnect.googleapis.com/v1/projects/edunova-c7333/locations/europe-west1/services 200
[debug] [2025-11-10T17:53:27.677Z] <<< [apiv2][body] POST https://firebasedataconnect.googleapis.com/v1/projects/edunova-c7333/locations/europe-west1/services {"name":"projects/edunova-c7333/locations/europe-west1/operations/operation-1762797200480-6434134f219d4-2c971afd-0c35eb3e","metadata":{"@type":"type.googleapis.com/google.firebase.dataconnect.v1.OperationMetadata","createTime":"2025-11-10T17:53:27.083412714Z","target":"projects/edunova-c7333/locations/europe-west1/services/eduniv","verb":"create","requestedCancellation":false,"apiVersion":"v1"},"done":false}
[debug] [2025-11-10T17:53:27.679Z] Checked if tokens are valid: true, expires at: 1762800679923
[debug] [2025-11-10T17:53:27.679Z] Checked if tokens are valid: true, expires at: 1762800679923
[debug] [2025-11-10T17:53:27.680Z] >>> [apiv2][query] GET https://firebasedataconnect.googleapis.com/v1/projects/edunova-c7333/locations/europe-west1/operations/operation-1762797200480-6434134f219d4-2c971afd-0c35eb3e [none]
[debug] [2025-11-10T17:53:27.785Z] <<< [apiv2][status] GET https://firebasedataconnect.googleapis.com/v1/projects/edunova-c7333/locations/europe-west1/operations/operation-1762797200480-6434134f219d4-2c971afd-0c35eb3e 200
[debug] [2025-11-10T17:53:27.785Z] <<< [apiv2][body] GET https://firebasedataconnect.googleapis.com/v1/projects/edunova-c7333/locations/europe-west1/operations/operation-1762797200480-6434134f219d4-2c971afd-0c35eb3e {"name":"projects/edunova-c7333/locations/europe-west1/operations/operation-1762797200480-6434134f219d4-2c971afd-0c35eb3e","metadata":{"@type":"type.googleapis.com/google.firebase.dataconnect.v1.OperationMetadata","createTime":"2025-11-10T17:53:27.083412714Z","target":"projects/edunova-c7333/locations/europe-west1/services/eduniv","verb":"create","requestedCancellation":false,"apiVersion":"v1"},"done":false}
[debug] [2025-11-10T17:53:28.288Z] [LRO Poller] Retrying task index 0
[debug] [2025-11-10T17:53:28.289Z] Checked if tokens are valid: true, expires at: 1762800679923
[debug] [2025-11-10T17:53:28.289Z] Checked if tokens are valid: true, expires at: 1762800679923
[debug] [2025-11-10T17:53:28.290Z] >>> [apiv2][query] GET https://firebasedataconnect.googleapis.com/v1/projects/edunova-c7333/locations/europe-west1/operations/operation-1762797200480-6434134f219d4-2c971afd-0c35eb3e [none]
[debug] [2025-11-10T17:53:28.386Z] <<< [apiv2][status] GET https://firebasedataconnect.googleapis.com/v1/projects/edunova-c7333/locations/europe-west1/operations/operation-1762797200480-6434134f219d4-2c971afd-0c35eb3e 200
[debug] [2025-11-10T17:53:28.387Z] <<< [apiv2][body] GET https://firebasedataconnect.googleapis.com/v1/projects/edunova-c7333/locations/europe-west1/operations/operation-1762797200480-6434134f219d4-2c971afd-0c35eb3e {"name":"projects/edunova-c7333/locations/europe-west1/operations/operation-1762797200480-6434134f219d4-2c971afd-0c35eb3e","metadata":{"@type":"type.googleapis.com/google.firebase.dataconnect.v1.OperationMetadata","createTime":"2025-11-10T17:53:27.083412714Z","target":"projects/edunova-c7333/locations/europe-west1/services/eduniv","verb":"create","requestedCancellation":false,"apiVersion":"v1"},"done":false}
[debug] [2025-11-10T17:53:29.388Z] [LRO Poller] Retrying task index 0
[debug] [2025-11-10T17:53:29.389Z] Checked if tokens are valid: true, expires at: 1762800679923
[debug] [2025-11-10T17:53:29.389Z] Checked if tokens are valid: true, expires at: 1762800679923
[debug] [2025-11-10T17:53:29.390Z] >>> [apiv2][query] GET https://firebasedataconnect.googleapis.com/v1/projects/edunova-c7333/locations/europe-west1/operations/operation-1762797200480-6434134f219d4-2c971afd-0c35eb3e [none]
[debug] [2025-11-10T17:53:29.471Z] <<< [apiv2][status] GET https://firebasedataconnect.googleapis.com/v1/projects/edunova-c7333/locations/europe-west1/operations/operation-1762797200480-6434134f219d4-2c971afd-0c35eb3e 200
[debug] [2025-11-10T17:53:29.471Z] <<< [apiv2][body] GET https://firebasedataconnect.googleapis.com/v1/projects/edunova-c7333/locations/europe-west1/operations/operation-1762797200480-6434134f219d4-2c971afd-0c35eb3e {"name":"projects/edunova-c7333/locations/europe-west1/operations/operation-1762797200480-6434134f219d4-2c971afd-0c35eb3e","metadata":{"@type":"type.googleapis.com/google.firebase.dataconnect.v1.OperationMetadata","createTime":"2025-11-10T17:53:27.083412714Z","endTime":"2025-11-10T17:53:28.455202584Z","target":"projects/edunova-c7333/locations/europe-west1/services/eduniv","verb":"create","requestedCancellation":false,"apiVersion":"v1"},"done":true,"response":{"@type":"type.googleapis.com/google.firebase.dataconnect.v1.Service","name":"projects/edunova-c7333/locations/europe-west1/services/eduniv","createTime":"2025-11-10T17:53:27.078772711Z","updateTime":"2025-11-10T17:53:27.078772711Z","uid":"100fbc6c-f15f-4970-a852-a619a5fd625c","reconciling":false,"etag":"Szx0x93uS9VhvsL-vbnMvAjjTastlrAb2ycsQ6wj_q0"}}
[debug] [2025-11-10T17:53:29.481Z] Checked if tokens are valid: true, expires at: 1762800679923
[debug] [2025-11-10T17:53:29.481Z] Checked if tokens are valid: true, expires at: 1762800679923
[debug] [2025-11-10T17:53:29.481Z] >>> [apiv2][query] POST https://cloudaicompanion.googleapis.com/v1beta/projects/edunova-c7333/locations/global/instances/default:completeTask [none]
[debug] [2025-11-10T17:53:29.482Z] >>> [apiv2][body] POST https://cloudaicompanion.googleapis.com/v1beta/projects/edunova-c7333/locations/global/instances/default:completeTask {"input":{"messages":[{"content":"nn","author":"USER"}]},"experienceContext":{"experience":"/appeco/firebase/fdc-schema-generator"}}
[debug] [2025-11-10T17:53:34.865Z] <<< [apiv2][status] POST https://cloudaicompanion.googleapis.com/v1beta/projects/edunova-c7333/locations/global/instances/default:completeTask 200
[debug] [2025-11-10T17:53:34.866Z] <<< [apiv2][body] POST https://cloudaicompanion.googleapis.com/v1beta/projects/edunova-c7333/locations/global/instances/default:completeTask {"output":{"messages":[{"content":"```graphql\ntype User @table {\n  displayName: String!\n  createdAt: Timestamp!\n  email: String\n  photoUrl: String\n}\n\ntype Movie @table {\n  title: String!\n  year: Int!\n  createdAt: Timestamp!\n  summary: String\n  genres: [String]\n  runtime: Int\n}\n\ntype Watch @table {\n  user: User!\n  movie: Movie!\n  createdAt: Timestamp!\n  watchDate: Date!\n  location: String\n}\n\ntype Review @table {\n  movie: Movie!\n  user: User!\n  watch: Watch!\n  rating: Int!\n  createdAt: Timestamp!\n  updatedAt: Timestamp!\n  review: String\n}\n\ntype List @table {\n  user: User!\n  name: String!\n  public: Boolean!\n  createdAt: Timestamp!\n  updatedAt: Timestamp!\n  description: String\n}\n\ntype ListMovie @table(key: [\"list\", \"movie\"]) {\n  list: List!\n  movie: Movie!\n  position: Int!\n  note: String\n}\n```\n"}]},"displayContext":{"additionalContext":{"@type":"type.googleapis.com/google.cloud.cloudaicompanion.v1main.FirebaseChatDisplayContext","firebaseFdcDisplayContext":{"schemaSyntaxError":""}}}}
[debug] [2025-11-10T17:53:34.869Z] Checked if tokens are valid: true, expires at: 1762800679923
[debug] [2025-11-10T17:53:34.870Z] Checked if tokens are valid: true, expires at: 1762800679923
[debug] [2025-11-10T17:53:34.870Z] >>> [apiv2][query] PATCH https://firebasedataconnect.googleapis.com/v1/projects/edunova-c7333/locations/europe-west1/services/eduniv/schemas/main allowMissing=true&validateOnly=false
[debug] [2025-11-10T17:53:34.871Z] >>> [apiv2][body] PATCH https://firebasedataconnect.googleapis.com/v1/projects/edunova-c7333/locations/europe-west1/services/eduniv/schemas/main {"name":"projects/edunova-c7333/locations/europe-west1/services/eduniv/schemas/main","datasources":[{"postgresql":{}}],"source":{"files":[{"path":"schema.gql","content":"type User @table {\n  displayName: String!\n  createdAt: Timestamp!\n  email: String\n  photoUrl: String\n}\n\ntype Movie @table {\n  title: String!\n  year: Int!\n  createdAt: Timestamp!\n  summary: String\n  genres: [String]\n  runtime: Int\n}\n\ntype Watch @table {\n  user: User!\n  movie: Movie!\n  createdAt: Timestamp!\n  watchDate: Date!\n  location: String\n}\n\ntype Review @table {\n  movie: Movie!\n  user: User!\n  watch: Watch!\n  rating: Int!\n  createdAt: Timestamp!\n  updatedAt: Timestamp!\n  review: String\n}\n\ntype List @table {\n  user: User!\n  name: String!\n  public: Boolean!\n  createdAt: Timestamp!\n  updatedAt: Timestamp!\n  description: String\n}\n\ntype ListMovie @table(key: [\"list\", \"movie\"]) {\n  list: List!\n  movie: Movie!\n  position: Int!\n  note: String\n}"}]}}
[debug] [2025-11-10T17:53:35.652Z] <<< [apiv2][status] PATCH https://firebasedataconnect.googleapis.com/v1/projects/edunova-c7333/locations/europe-west1/services/eduniv/schemas/main 200
[debug] [2025-11-10T17:53:35.652Z] <<< [apiv2][body] PATCH https://firebasedataconnect.googleapis.com/v1/projects/edunova-c7333/locations/europe-west1/services/eduniv/schemas/main {"name":"projects/edunova-c7333/locations/europe-west1/operations/operation-1762797214838-6434135cd2f62-ae806d57-76673506","metadata":{"@type":"type.googleapis.com/google.firebase.dataconnect.v1.OperationMetadata","createTime":"2025-11-10T17:53:34.889199339Z","target":"projects/edunova-c7333/locations/europe-west1/services/eduniv/schemas/main","verb":"update","requestedCancellation":false,"apiVersion":"v1"},"done":false}
[debug] [2025-11-10T17:53:35.653Z] Checked if tokens are valid: true, expires at: 1762800679923
[debug] [2025-11-10T17:53:35.653Z] Checked if tokens are valid: true, expires at: 1762800679923
[debug] [2025-11-10T17:53:35.653Z] >>> [apiv2][query] GET https://firebasedataconnect.googleapis.com/v1/projects/edunova-c7333/locations/europe-west1/operations/operation-1762797214838-6434135cd2f62-ae806d57-76673506 [none]
[debug] [2025-11-10T17:53:36.012Z] <<< [apiv2][status] GET https://firebasedataconnect.googleapis.com/v1/projects/edunova-c7333/locations/europe-west1/operations/operation-1762797214838-6434135cd2f62-ae806d57-76673506 200
[debug] [2025-11-10T17:53:36.012Z] <<< [apiv2][body] GET https://firebasedataconnect.googleapis.com/v1/projects/edunova-c7333/locations/europe-west1/operations/operation-1762797214838-6434135cd2f62-ae806d57-76673506 {"name":"projects/edunova-c7333/locations/europe-west1/operations/operation-1762797214838-6434135cd2f62-ae806d57-76673506","metadata":{"@type":"type.googleapis.com/google.firebase.dataconnect.v1.OperationMetadata","createTime":"2025-11-10T17:53:34.889199339Z","endTime":"2025-11-10T17:53:35.103775537Z","target":"projects/edunova-c7333/locations/europe-west1/services/eduniv/schemas/main","verb":"update","requestedCancellation":false,"apiVersion":"v1"},"done":true}
[debug] [2025-11-10T17:53:36.015Z] Checked if tokens are valid: true, expires at: 1762800679923
[debug] [2025-11-10T17:53:36.015Z] Checked if tokens are valid: true, expires at: 1762800679923
[debug] [2025-11-10T17:53:36.015Z] Checked if tokens are valid: true, expires at: 1762800679923
[debug] [2025-11-10T17:53:36.016Z] Checked if tokens are valid: true, expires at: 1762800679923
[debug] [2025-11-10T17:53:36.016Z] >>> [apiv2][query] POST https://cloudaicompanion.googleapis.com/v1beta/projects/edunova-c7333/locations/global/instances/default:completeTask [none]
[debug] [2025-11-10T17:53:36.016Z] >>> [apiv2][body] POST https://cloudaicompanion.googleapis.com/v1beta/projects/edunova-c7333/locations/global/instances/default:completeTask {"input":{"messages":[{"content":"Create 4 operations for an app using the instance schema with proper authentication.","author":"USER"}]},"experienceContext":{"experience":"/appeco/firebase/fdc-query-generator"},"clientContext":{"additionalContext":{"@type":"type.googleapis.com/google.cloud.cloudaicompanion.v1main.FirebaseChatRequestContext","fdcInfo":{"fdcServiceName":"projects/edunova-c7333/locations/europe-west1/services/eduniv","requiresQuery":true}}}}
[debug] [2025-11-10T17:53:36.017Z] >>> [apiv2][query] POST https://cloudaicompanion.googleapis.com/v1beta/projects/edunova-c7333/locations/global/instances/default:completeTask [none]
[debug] [2025-11-10T17:53:36.018Z] >>> [apiv2][body] POST https://cloudaicompanion.googleapis.com/v1beta/projects/edunova-c7333/locations/global/instances/default:completeTask {"input":{"messages":[{"content":"Create a mutation to populate the database with some seed data.","author":"USER"}]},"experienceContext":{"experience":"/appeco/firebase/fdc-query-generator"},"clientContext":{"additionalContext":{"@type":"type.googleapis.com/google.cloud.cloudaicompanion.v1main.FirebaseChatRequestContext","fdcInfo":{"fdcServiceName":"projects/edunova-c7333/locations/europe-west1/services/eduniv","requiresQuery":true}}}}
[debug] [2025-11-10T17:53:39.224Z] <<< [apiv2][status] POST https://cloudaicompanion.googleapis.com/v1beta/projects/edunova-c7333/locations/global/instances/default:completeTask 200
[debug] [2025-11-10T17:53:39.225Z] <<< [apiv2][body] POST https://cloudaicompanion.googleapis.com/v1beta/projects/edunova-c7333/locations/global/instances/default:completeTask {"output":{"messages":[{"content":"```graphql\nmutation AddMovieToList($listId: UUID!, $movieId: UUID!, $position: Int!, $note: String) @auth(level: USER) {\n  listMovie_insert(data: {\n    listId: $listId,\n    movieId: $movieId,\n    position: $position,\n    note: $note\n  })\n}\n\nquery GetPublicLists @auth(level: PUBLIC, insecureReason: \"This operation is safe to expose to the public\") {\n  lists(where: {public: {eq: true}}) {\n    id\n    name\n    description\n    createdAt\n    updatedAt\n  }\n}\n\nmutation CreateUser($displayName: String!, $email: String, $photoUrl: String) @auth(level: USER, insecureReason: \"This operation is safe to expose to all logged in users.\") {\n  user_insert(data: {\n    displayName: $displayName,\n    email: $email,\n    photoUrl: $photoUrl,\n    id_expr: \"auth.uid\",\n    createdAt_expr: \"request.time\"\n  })\n}\n\nquery GetMoviesByGenre($genre: String!) @auth(level: PUBLIC, insecureReason: \"This operation is safe to expose to the public\") {\n  movies(where: {genres: {includes: $genre}}) {\n    id\n    title\n    summary\n    year\n    runtime\n  }\n}\n```","author":"model"}]},"outputDataContext":{"additionalContext":{"@type":"type.googleapis.com/google.cloud.cloudaicompanion.v1main.ChatOutputDataContext","relatedContent":{}}},"attributionContext":{"citationMetadata":{}}}
[debug] [2025-11-10T17:53:43.616Z] <<< [apiv2][status] POST https://cloudaicompanion.googleapis.com/v1beta/projects/edunova-c7333/locations/global/instances/default:completeTask 200
[debug] [2025-11-10T17:53:43.617Z] <<< [apiv2][body] POST https://cloudaicompanion.googleapis.com/v1beta/projects/edunova-c7333/locations/global/instances/default:completeTask {"output":{"messages":[{"content":"```graphql\nmutation SeedData @transaction @auth(level: PUBLIC, insecureReason: \"This operation is to seed the database with public example data, so it is safe to expose to the public.\") {\n  user_insertMany(data: [\n    {\n      id: \"550e8400-e29b-41d4-a716-446655440000\",\n      displayName: \"demouser1\",\n      createdAt: \"2024-01-01T00:00:00Z\"\n    },\n    {\n      id: \"550e8400-e29b-41d4-a716-446655440001\",\n      displayName: \"demouser2\",\n      createdAt: \"2024-01-01T00:00:00Z\"\n    }\n  ])\n  movie_insertMany(data: [\n    {\n      id: \"550e8400-e29b-41d4-a716-446655440002\",\n      title: \"Inception\",\n      year: 2010,\n      createdAt: \"2024-01-01T00:00:00Z\"\n    },\n    {\n      id: \"550e8400-e29b-41d4-a716-446655440003\",\n      title: \"The Matrix\",\n      year: 1999,\n      createdAt: \"2024-01-01T00:00:00Z\"\n    }\n  ])\n  list_insertMany(data: [\n    {\n      id: \"550e8400-e29b-41d4-a716-446655440004\",\n      name: \"My Favorite Movies\",\n      public: true,\n      createdAt: \"2024-01-01T00:00:00Z\",\n      updatedAt: \"2024-01-01T00:00:00Z\",\n      userId: \"550e8400-e29b-41d4-a716-446655440000\"\n    }\n  ])\n  listMovie_insertMany(data: [\n    {\n      listId: \"550e8400-e29b-41d4-a716-446655440004\",\n      movieId: \"550e8400-e29b-41d4-a716-446655440002\",\n      position: 1\n    },\n    {\n      listId: \"550e8400-e29b-41d4-a716-446655440004\",\n      movieId: \"550e8400-e29b-41d4-a716-446655440003\",\n      position: 2\n    }\n  ])\n  watch_insertMany(data: [\n    {\n      id: \"550e8400-e29b-41d4-a716-446655440005\",\n      movieId: \"550e8400-e29b-41d4-a716-446655440002\",\n      userId: \"550e8400-e29b-41d4-a716-446655440000\",\n      watchDate: \"2024-01-05\",\n      createdAt: \"2024-01-05T00:00:00Z\"\n    }\n  ])\n  review_insertMany(data: [\n    {\n      id: \"550e8400-e29b-41d4-a716-446655440006\",\n      movieId: \"550e8400-e29b-41d4-a716-446655440002\",\n      userId: \"550e8400-e29b-41d4-a716-446655440000\",\n      watchId: \"550e8400-e29b-41d4-a716-446655440005\",\n      rating: 5,\n      createdAt: \"2024-01-05T00:00:00Z\",\n      updatedAt: \"2024-01-05T00:00:00Z\"\n    }\n  ])\n}\n```\n","author":"model"}]},"outputDataContext":{"additionalContext":{"@type":"type.googleapis.com/google.cloud.cloudaicompanion.v1main.ChatOutputDataContext","relatedContent":{}}},"attributionContext":{"citationMetadata":{}}}
[info] +  Wrote dataconnect\dataconnect.yaml 
[info] +  Wrote dataconnect\seed_data.gql 
[info] +  Wrote dataconnect\schema\schema.gql 
[info] +  Wrote dataconnect\example\connector.yaml 
[info] +  Wrote dataconnect\example\queries.gql 
[info] +  Wrote dataconnect\example\connector.yaml 
[info] i  dataconnect: Installing the generated SDKs ... 
[info] i  dataconnect: downloading dataconnect-emulator-2.17.0.exe... {"metadata":{"emulator":{"name":"dataconnect"},"message":"downloading dataconnect-emulator-2.17.0.exe..."}}
[debug] [2025-11-10T17:53:43.760Z] >>> [apiv2][query] GET https://storage.googleapis.com/firemat-preview-drop/emulator/dataconnect-emulator-windows-amd64-v2.17.0 
[debug] [2025-11-10T17:53:44.217Z] <<< [apiv2][status] GET https://storage.googleapis.com/firemat-preview-drop/emulator/dataconnect-emulator-windows-amd64-v2.17.0 200
[debug] [2025-11-10T17:53:44.217Z] <<< [apiv2][body] GET https://storage.googleapis.com/firemat-preview-drop/emulator/dataconnect-emulator-windows-amd64-v2.17.0 [stream]
[debug] [2025-11-10T17:54:06.837Z] defaultcredentials: writing to file C:\Users\User\AppData\Roaming\firebase\ghofranesebteoui16_gmail_com_application_default_credentials.json
[info] +  dataconnect: Installed generated SDKs for . (web) 
[info] i  Visit https://firebase.google.com/docs/data-connect/web-sdk#react for more information on how to set up React Generated SDKs for Firebase Data Connect 
[info] 
=== Firestore Setup
[info] i  firestore: ensuring required API firestore.googleapis.com is enabled... 
[debug] [2025-11-10T17:54:17.651Z] Checked if tokens are valid: true, expires at: 1762800679923
[debug] [2025-11-10T17:54:17.651Z] Checked if tokens are valid: true, expires at: 1762800679923
[debug] [2025-11-10T17:54:17.651Z] >>> [apiv2][query] GET https://serviceusage.googleapis.com/v1/projects/edunova-c7333/services/firestore.googleapis.com [none]
[debug] [2025-11-10T17:54:17.651Z] >>> [apiv2][(partial)header] GET https://serviceusage.googleapis.com/v1/projects/edunova-c7333/services/firestore.googleapis.com x-goog-quota-user=projects/edunova-c7333
[debug] [2025-11-10T17:54:18.679Z] <<< [apiv2][status] GET https://serviceusage.googleapis.com/v1/projects/edunova-c7333/services/firestore.googleapis.com 200
[debug] [2025-11-10T17:54:18.679Z] <<< [apiv2][body] GET https://serviceusage.googleapis.com/v1/projects/edunova-c7333/services/firestore.googleapis.com [omitted]
[warn] !  firestore: missing required API firestore.googleapis.com. Enabling now... 
[debug] [2025-11-10T17:54:18.680Z] Checked if tokens are valid: true, expires at: 1762800679923
[debug] [2025-11-10T17:54:18.680Z] Checked if tokens are valid: true, expires at: 1762800679923
[debug] [2025-11-10T17:54:18.680Z] >>> [apiv2][query] POST https://serviceusage.googleapis.com/v1/projects/edunova-c7333/services/firestore.googleapis.com:enable [none]
[debug] [2025-11-10T17:54:18.680Z] >>> [apiv2][(partial)header] POST https://serviceusage.googleapis.com/v1/projects/edunova-c7333/services/firestore.googleapis.com:enable x-goog-quota-user=projects/edunova-c7333
[debug] [2025-11-10T17:54:19.981Z] <<< [apiv2][status] POST https://serviceusage.googleapis.com/v1/projects/edunova-c7333/services/firestore.googleapis.com:enable 200
[debug] [2025-11-10T17:54:19.981Z] <<< [apiv2][body] POST https://serviceusage.googleapis.com/v1/projects/edunova-c7333/services/firestore.googleapis.com:enable [omitted]
[debug] [2025-11-10T17:54:29.993Z] Checked if tokens are valid: true, expires at: 1762800679923
[debug] [2025-11-10T17:54:29.993Z] Checked if tokens are valid: true, expires at: 1762800679923
[debug] [2025-11-10T17:54:29.993Z] >>> [apiv2][query] GET https://firestore.googleapis.com/v1/projects/edunova-c7333/databases [none]
[debug] [2025-11-10T17:54:30.741Z] <<< [apiv2][status] GET https://firestore.googleapis.com/v1/projects/edunova-c7333/databases 200
[debug] [2025-11-10T17:54:30.741Z] <<< [apiv2][body] GET https://firestore.googleapis.com/v1/projects/edunova-c7333/databases {}
[debug] [2025-11-10T17:54:30.742Z] Checked if tokens are valid: true, expires at: 1762800679923
[debug] [2025-11-10T17:54:30.742Z] Checked if tokens are valid: true, expires at: 1762800679923
[debug] [2025-11-10T17:54:30.742Z] >>> [apiv2][query] GET https://firestore.googleapis.com/v1/projects/edunova-c7333/locations [none]
[debug] [2025-11-10T17:54:30.903Z] <<< [apiv2][status] GET https://firestore.googleapis.com/v1/projects/edunova-c7333/locations 200
[debug] [2025-11-10T17:54:30.903Z] <<< [apiv2][body] GET https://firestore.googleapis.com/v1/projects/edunova-c7333/locations {"locations":[{"name":"projects/edunova-c7333/locations/eur3","labels":{"appengine.googleapis.com/geo":"europe-west","cloud.googleapis.com/location":"eur3","cloud.googleapis.com/geo":"eur3"},"metadata":{"@type":"type.googleapis.com/google.firestore.admin.v1.LocationMetadata"},"locationId":"eur3","displayName":"Europe"},{"name":"projects/edunova-c7333/locations/nam5","labels":{"appengine.googleapis.com/geo":"us-central","cloud.googleapis.com/location":"nam5","cloud.googleapis.com/geo":"nam5"},"metadata":{"@type":"type.googleapis.com/google.firestore.admin.v1.LocationMetadata"},"locationId":"nam5","displayName":"United States"},{"name":"projects/edunova-c7333/locations/nam7","labels":{"cloud.googleapis.com/location":"nam7","cloud.googleapis.com/geo":"nam7"},"metadata":{"@type":"type.googleapis.com/google.firestore.admin.v1.LocationMetadata"},"locationId":"nam7","displayName":"United States"},{"name":"projects/edunova-c7333/locations/africa-south1","labels":{"cloud.googleapis.com/location":"africa-south1","cloud.googleapis.com/region":"africa-south1"},"metadata":{"@type":"type.googleapis.com/google.firestore.admin.v1.LocationMetadata"},"locationId":"africa-south1","displayName":"Johannesburg"},{"name":"projects/edunova-c7333/locations/asia-east1","labels":{"appengine.googleapis.com/region":"asia-east1","cloud.googleapis.com/location":"asia-east1","cloud.googleapis.com/region":"asia-east1"},"metadata":{"@type":"type.googleapis.com/google.firestore.admin.v1.LocationMetadata"},"locationId":"asia-east1","displayName":"Taiwan"},{"name":"projects/edunova-c7333/locations/asia-east2","labels":{"appengine.googleapis.com/region":"asia-east2","cloud.googleapis.com/location":"asia-east2","cloud.googleapis.com/region":"asia-east2"},"metadata":{"@type":"type.googleapis.com/google.firestore.admin.v1.LocationMetadata"},"locationId":"asia-east2","displayName":"Hong Kong"},{"name":"projects/edunova-c7333/locations/asia-northeast1","labels":{"appengine.googleapis.com/region":"asia-northeast1","cloud.googleapis.com/location":"asia-northeast1","cloud.googleapis.com/region":"asia-northeast1"},"metadata":{"@type":"type.googleapis.com/google.firestore.admin.v1.LocationMetadata"},"locationId":"asia-northeast1","displayName":"Tokyo"},{"name":"projects/edunova-c7333/locations/asia-northeast2","labels":{"appengine.googleapis.com/region":"asia-northeast2","cloud.googleapis.com/location":"asia-northeast2","cloud.googleapis.com/region":"asia-northeast2"},"metadata":{"@type":"type.googleapis.com/google.firestore.admin.v1.LocationMetadata"},"locationId":"asia-northeast2","displayName":"Osaka"},{"name":"projects/edunova-c7333/locations/asia-northeast3","labels":{"appengine.googleapis.com/region":"asia-northeast3","cloud.googleapis.com/location":"asia-northeast3","cloud.googleapis.com/region":"asia-northeast3"},"metadata":{"@type":"type.googleapis.com/google.firestore.admin.v1.LocationMetadata"},"locationId":"asia-northeast3","displayName":"Seoul"},{"name":"projects/edunova-c7333/locations/asia-south1","labels":{"appengine.googleapis.com/region":"asia-south1","cloud.googleapis.com/location":"asia-south1","cloud.googleapis.com/region":"asia-south1"},"metadata":{"@type":"type.googleapis.com/google.firestore.admin.v1.LocationMetadata"},"locationId":"asia-south1","displayName":"Mumbai"},{"name":"projects/edunova-c7333/locations/asia-south2","labels":{"cloud.googleapis.com/location":"asia-south2","cloud.googleapis.com/region":"asia-south2"},"metadata":{"@type":"type.googleapis.com/google.firestore.admin.v1.LocationMetadata"},"locationId":"asia-south2","displayName":"Delhi"},{"name":"projects/edunova-c7333/locations/asia-southeast1","labels":{"appengine.googleapis.com/region":"asia-southeast1","cloud.googleapis.com/location":"asia-southeast1","cloud.googleapis.com/region":"asia-southeast1"},"metadata":{"@type":"type.googleapis.com/google.firestore.admin.v1.LocationMetadata"},"locationId":"asia-southeast1","displayName":"Singapore"},{"name":"projects/edunova-c7333/locations/asia-southeast2","labels":{"appengine.googleapis.com/region":"asia-southeast2","cloud.googleapis.com/location":"asia-southeast2","cloud.googleapis.com/region":"asia-southeast2"},"metadata":{"@type":"type.googleapis.com/google.firestore.admin.v1.LocationMetadata"},"locationId":"asia-southeast2","displayName":"Jakarta"},{"name":"projects/edunova-c7333/locations/australia-southeast1","labels":{"appengine.googleapis.com/region":"australia-southeast1","cloud.googleapis.com/location":"australia-southeast1","cloud.googleapis.com/region":"australia-southeast1"},"metadata":{"@type":"type.googleapis.com/google.firestore.admin.v1.LocationMetadata"},"locationId":"australia-southeast1","displayName":"Sydney"},{"name":"projects/edunova-c7333/locations/australia-southeast2","labels":{"cloud.googleapis.com/location":"australia-southeast2","cloud.googleapis.com/region":"australia-southeast2"},"metadata":{"@type":"type.googleapis.com/google.firestore.admin.v1.LocationMetadata"},"locationId":"australia-southeast2","displayName":"Melbourne"},{"name":"projects/edunova-c7333/locations/europe-central2","labels":{"appengine.googleapis.com/region":"europe-central2","cloud.googleapis.com/location":"europe-central2","cloud.googleapis.com/region":"europe-central2"},"metadata":{"@type":"type.googleapis.com/google.firestore.admin.v1.LocationMetadata"},"locationId":"europe-central2","displayName":"Warsaw"},{"name":"projects/edunova-c7333/locations/europe-north1","labels":{"cloud.googleapis.com/location":"europe-north1","cloud.googleapis.com/region":"europe-north1"},"metadata":{"@type":"type.googleapis.com/google.firestore.admin.v1.LocationMetadata"},"locationId":"europe-north1","displayName":"Finland"},{"name":"projects/edunova-c7333/locations/europe-north2","labels":{"cloud.googleapis.com/location":"europe-north2","cloud.googleapis.com/region":"europe-north2"},"metadata":{"@type":"type.googleapis.com/google.firestore.admin.v1.LocationMetadata"},"locationId":"europe-north2","displayName":"Stockholm"},{"name":"projects/edunova-c7333/locations/europe-southwest1","labels":{"cloud.googleapis.com/location":"europe-southwest1","cloud.googleapis.com/region":"europe-southwest1"},"metadata":{"@type":"type.googleapis.com/google.firestore.admin.v1.LocationMetadata"},"locationId":"europe-southwest1","displayName":"Madrid"},{"name":"projects/edunova-c7333/locations/europe-west1","labels":{"cloud.googleapis.com/location":"europe-west1","cloud.googleapis.com/region":"europe-west1"},"metadata":{"@type":"type.googleapis.com/google.firestore.admin.v1.LocationMetadata"},"locationId":"europe-west1","displayName":"Belgium"},{"name":"projects/edunova-c7333/locations/europe-west10","labels":{"cloud.googleapis.com/location":"europe-west10","cloud.googleapis.com/region":"europe-west10"},"metadata":{"@type":"type.googleapis.com/google.firestore.admin.v1.LocationMetadata"},"locationId":"europe-west10","displayName":"Berlin"},{"name":"projects/edunova-c7333/locations/europe-west12","labels":{"cloud.googleapis.com/location":"europe-west12","cloud.googleapis.com/region":"europe-west12"},"metadata":{"@type":"type.googleapis.com/google.firestore.admin.v1.LocationMetadata"},"locationId":"europe-west12","displayName":"Turin"},{"name":"projects/edunova-c7333/locations/europe-west2","labels":{"appengine.googleapis.com/region":"europe-west2","cloud.googleapis.com/location":"europe-west2","cloud.googleapis.com/region":"europe-west2"},"metadata":{"@type":"type.googleapis.com/google.firestore.admin.v1.LocationMetadata"},"locationId":"europe-west2","displayName":"London"},{"name":"projects/edunova-c7333/locations/europe-west3","labels":{"appengine.googleapis.com/region":"europe-west3","cloud.googleapis.com/location":"europe-west3","cloud.googleapis.com/region":"europe-west3"},"metadata":{"@type":"type.googleapis.com/google.firestore.admin.v1.LocationMetadata"},"locationId":"europe-west3","displayName":"Frankfurt"},{"name":"projects/edunova-c7333/locations/europe-west4","labels":{"cloud.googleapis.com/location":"europe-west4","cloud.googleapis.com/region":"europe-west4"},"metadata":{"@type":"type.googleapis.com/google.firestore.admin.v1.LocationMetadata"},"locationId":"europe-west4","displayName":"Netherlands"},{"name":"projects/edunova-c7333/locations/europe-west6","labels":{"appengine.googleapis.com/region":"europe-west6","cloud.googleapis.com/location":"europe-west6","cloud.googleapis.com/region":"europe-west6"},"metadata":{"@type":"type.googleapis.com/google.firestore.admin.v1.LocationMetadata"},"locationId":"europe-west6","displayName":"Zurich"},{"name":"projects/edunova-c7333/locations/europe-west8","labels":{"cloud.googleapis.com/location":"europe-west8","cloud.googleapis.com/region":"europe-west8"},"metadata":{"@type":"type.googleapis.com/google.firestore.admin.v1.LocationMetadata"},"locationId":"europe-west8","displayName":"Milan"},{"name":"projects/edunova-c7333/locations/europe-west9","labels":{"cloud.googleapis.com/location":"europe-west9","cloud.googleapis.com/region":"europe-west9"},"metadata":{"@type":"type.googleapis.com/google.firestore.admin.v1.LocationMetadata"},"locationId":"europe-west9","displayName":"Paris"},{"name":"projects/edunova-c7333/locations/me-central1","labels":{"cloud.googleapis.com/location":"me-central1","cloud.googleapis.com/region":"me-central1"},"metadata":{"@type":"type.googleapis.com/google.firestore.admin.v1.LocationMetadata"},"locationId":"me-central1","displayName":"Doha"},{"name":"projects/edunova-c7333/locations/me-central2","labels":{"cloud.googleapis.com/location":"me-central2","cloud.googleapis.com/region":"me-central2"},"metadata":{"@type":"type.googleapis.com/google.firestore.admin.v1.LocationMetadata"},"locationId":"me-central2","displayName":"Dammam"},{"name":"projects/edunova-c7333/locations/me-west1","labels":{"cloud.googleapis.com/location":"me-west1","cloud.googleapis.com/region":"me-west1"},"metadata":{"@type":"type.googleapis.com/google.firestore.admin.v1.LocationMetadata"},"locationId":"me-west1","displayName":"Tel Aviv"},{"name":"projects/edunova-c7333/locations/northamerica-northeast1","labels":{"appengine.googleapis.com/region":"northamerica-northeast1","cloud.googleapis.com/location":"northamerica-northeast1","cloud.googleapis.com/region":"northamerica-northeast1"},"metadata":{"@type":"type.googleapis.com/google.firestore.admin.v1.LocationMetadata"},"locationId":"northamerica-northeast1","displayName":"Montréal"},{"name":"projects/edunova-c7333/locations/northamerica-northeast2","labels":{"cloud.googleapis.com/location":"northamerica-northeast2","cloud.googleapis.com/region":"northamerica-northeast2"},"metadata":{"@type":"type.googleapis.com/google.firestore.admin.v1.LocationMetadata"},"locationId":"northamerica-northeast2","displayName":"Toronto"},{"name":"projects/edunova-c7333/locations/northamerica-south1","labels":{"cloud.googleapis.com/location":"northamerica-south1","cloud.googleapis.com/region":"northamerica-south1"},"metadata":{"@type":"type.googleapis.com/google.firestore.admin.v1.LocationMetadata"},"locationId":"northamerica-south1","displayName":"Mexico"},{"name":"projects/edunova-c7333/locations/southamerica-east1","labels":{"appengine.googleapis.com/region":"southamerica-east1","cloud.googleapis.com/location":"southamerica-east1","cloud.googleapis.com/region":"southamerica-east1"},"metadata":{"@type":"type.googleapis.com/google.firestore.admin.v1.LocationMetadata"},"locationId":"southamerica-east1","displayName":"São Paulo"},{"name":"projects/edunova-c7333/locations/southamerica-west1","labels":{"cloud.googleapis.com/location":"southamerica-west1","cloud.googleapis.com/region":"southamerica-west1"},"metadata":{"@type":"type.googleapis.com/google.firestore.admin.v1.LocationMetadata"},"locationId":"southamerica-west1","displayName":"Santiago"},{"name":"projects/edunova-c7333/locations/us-central1","labels":{"cloud.googleapis.com/location":"us-central1","cloud.googleapis.com/region":"us-central1"},"metadata":{"@type":"type.googleapis.com/google.firestore.admin.v1.LocationMetadata"},"locationId":"us-central1","displayName":"Iowa"},{"name":"projects/edunova-c7333/locations/us-east1","labels":{"appengine.googleapis.com/region":"us-east1","cloud.googleapis.com/location":"us-east1","cloud.googleapis.com/region":"us-east1"},"metadata":{"@type":"type.googleapis.com/google.firestore.admin.v1.LocationMetadata"},"locationId":"us-east1","displayName":"South Carolina"},{"name":"projects/edunova-c7333/locations/us-east4","labels":{"appengine.googleapis.com/region":"us-east4","cloud.googleapis.com/location":"us-east4","cloud.googleapis.com/region":"us-east4"},"metadata":{"@type":"type.googleapis.com/google.firestore.admin.v1.LocationMetadata"},"locationId":"us-east4","displayName":"Northern Virginia"},{"name":"projects/edunova-c7333/locations/us-east5","labels":{"cloud.googleapis.com/location":"us-east5","cloud.googleapis.com/region":"us-east5"},"metadata":{"@type":"type.googleapis.com/google.firestore.admin.v1.LocationMetadata"},"locationId":"us-east5","displayName":"Columbus"},{"name":"projects/edunova-c7333/locations/us-south1","labels":{"cloud.googleapis.com/location":"us-south1","cloud.googleapis.com/region":"us-south1"},"metadata":{"@type":"type.googleapis.com/google.firestore.admin.v1.LocationMetadata"},"locationId":"us-south1","displayName":"Dallas"},{"name":"projects/edunova-c7333/locations/us-west1","labels":{"appengine.googleapis.com/region":"us-west1","cloud.googleapis.com/location":"us-west1","cloud.googleapis.com/region":"us-west1"},"metadata":{"@type":"type.googleapis.com/google.firestore.admin.v1.LocationMetadata"},"locationId":"us-west1","displayName":"Oregon"},{"name":"projects/edunova-c7333/locations/us-west2","labels":{"appengine.googleapis.com/region":"us-west2","cloud.googleapis.com/location":"us-west2","cloud.googleapis.com/region":"us-west2"},"metadata":{"@type":"type.googleapis.com/google.firestore.admin.v1.LocationMetadata"},"locationId":"us-west2","displayName":"Los Angeles"},{"name":"projects/edunova-c7333/locations/us-west3","labels":{"appengine.googleapis.com/region":"us-west3","cloud.googleapis.com/location":"us-west3","cloud.googleapis.com/region":"us-west3"},"metadata":{"@type":"type.googleapis.com/google.firestore.admin.v1.LocationMetadata"},"locationId":"us-west3","displayName":"Salt Lake City"},{"name":"projects/edunova-c7333/locations/us-west4","labels":{"appengine.googleapis.com/region":"us-west4","cloud.googleapis.com/location":"us-west4","cloud.googleapis.com/region":"us-west4"},"metadata":{"@type":"type.googleapis.com/google.firestore.admin.v1.LocationMetadata"},"locationId":"us-west4","displayName":"Las Vegas"}]}
[debug] [2025-11-10T17:54:42.526Z] ExitPromptError: User force closed the prompt with SIGINT
    at Interface.sigint (C:\Users\User\AppData\Roaming\npm\node_modules\firebase-tools\node_modules\@inquirer\core\dist\commonjs\lib\create-prompt.js:101:37)
    at Interface.emit (node:events:519:28)
    at Interface.emit (node:domain:488:12)
    at [_ttyWrite] [as _ttyWrite] (node:internal/readline/interface:1126:18)
    at ReadStream.onkeypress (node:internal/readline/interface:265:20)
    at ReadStream.emit (node:events:531:35)
    at ReadStream.emit (node:domain:488:12)
    at emitKeys (node:internal/readline/utils:371:14)
    at emitKeys.next (<anonymous>)
    at ReadStream.onData (node:internal/readline/emitKeypressEvents:64:36)
[error] 
[error] Error: An unexpected error has occurred.
